# JRE version: OpenJDK Runtime Environment Temurin-17.0.10+7 (17.0.10+7) (build 17.0.10+7)
# Java VM: OpenJDK 64-Bit Server VM Temurin-17.0.10+7 (17.0.10+7, mixed mode, tiered, compressed oops, compressed class ptrs, parallel gc, windows-amd64)
GC Precious Log:
 CPUs: 12 total, 12 available
 Memory: 16163M
 Large Page Support: Disabled
 NUMA Support: Disabled
 Compressed Oops: Enabled (32-bit)
 Alignments: Space 512K, Generation 512K, Heap 2M
 Heap Min Capacity: 100M
 Heap Initial Capacity: 100M
 Heap Max Capacity: 1G
 Pre-touch: Disabled
 Parallel Workers: 10
Heap:
 PSYoungGen      total 8704K, used 2646K [0x00000000eab00000, 0x00000000eb700000, 0x0000000100000000)
  eden space 5632K, 2% used [0x00000000eab00000,0x00000000eab29a80,0x00000000eb080000)
  from space 3072K, 80% used [0x00000000eb380000,0x00000000eb5ebdb8,0x00000000eb680000)
  to   space 3072K, 0% used [0x00000000eb080000,0x00000000eb080000,0x00000000eb380000)
 ParOldGen       total 699392K, used 164789K [0x00000000c0000000, 0x00000000eab00000, 0x00000000eab00000)
  object space 699392K, 23% used [0x00000000c0000000,0x00000000ca0ed678,0x00000000eab00000)
 Metaspace       used 71350K, committed 72448K, reserved 1114112K
  class space    used 7612K, committed 8064K, reserved 1048576K
GC Heap History (20 events):
Event: 35.378 GC heap before
{Heap before GC invocations=561 (full 331):
 PSYoungGen      total 6656K, used 5120K [0x00000000eab00000, 0x00000000eb380000, 0x0000000100000000)
  eden space 5120K, 100% used [0x00000000eab00000,0x00000000eb000000,0x00000000eb000000)
  from space 1536K, 0% used [0x00000000eb000000,0x00000000eb000000,0x00000000eb180000)
  to   space 1536K, 0% used [0x00000000eb180000,0x00000000eb180000,0x00000000eb300000)
 ParOldGen       total 157184K, used 157152K [0x00000000c0000000, 0x00000000c9980000, 0x00000000eab00000)
  object space 157184K, 99% used [0x00000000c0000000,0x00000000c99781b0,0x00000000c9980000)
 Metaspace       used 71114K, committed 72256K, reserved 1114112K
  class space    used 7602K, committed 8064K, reserved 1048576K
}
Event: 35.429 GC heap after
{Heap after GC invocations=561 (full 331):
 PSYoungGen      total 6656K, used 5120K [0x00000000eab00000, 0x00000000eb380000, 0x0000000100000000)
  eden space 5120K, 100% used [0x00000000eab00000,0x00000000eb000000,0x00000000eb000000)
  from space 1536K, 0% used [0x00000000eb180000,0x00000000eb180000,0x00000000eb300000)
  to   space 1536K, 0% used [0x00000000eb000000,0x00000000eb000000,0x00000000eb180000)
 ParOldGen       total 157184K, used 157152K [0x00000000c0000000, 0x00000000c9980000, 0x00000000eab00000)
  object space 157184K, 99% used [0x00000000c0000000,0x00000000c9978188,0x00000000c9980000)
 Metaspace       used 71114K, committed 72256K, reserved 1114112K
  class space    used 7602K, committed 8064K, reserved 1048576K
}
Event: 35.429 GC heap before
{Heap before GC invocations=562 (full 332):
 PSYoungGen      total 6656K, used 5120K [0x00000000eab00000, 0x00000000eb380000, 0x0000000100000000)
  eden space 5120K, 100% used [0x00000000eab00000,0x00000000eb000000,0x00000000eb000000)
  from space 1536K, 0% used [0x00000000eb180000,0x00000000eb180000,0x00000000eb300000)
  to   space 1536K, 0% used [0x00000000eb000000,0x00000000eb000000,0x00000000eb180000)
 ParOldGen       total 157184K, used 157154K [0x00000000c0000000, 0x00000000c9980000, 0x00000000eab00000)
  object space 157184K, 99% used [0x00000000c0000000,0x00000000c9978bd8,0x00000000c9980000)
 Metaspace       used 71114K, committed 72256K, reserved 1114112K
  class space    used 7602K, committed 8064K, reserved 1048576K
}
Event: 35.478 GC heap after
{Heap after GC invocations=562 (full 332):
 PSYoungGen      total 6656K, used 5119K [0x00000000eab00000, 0x00000000eb380000, 0x0000000100000000)
  eden space 5120K, 99% used [0x00000000eab00000,0x00000000eaffffe8,0x00000000eb000000)
  from space 1536K, 0% used [0x00000000eb000000,0x00000000eb000000,0x00000000eb180000)
  to   space 1536K, 0% used [0x00000000eb180000,0x00000000eb180000,0x00000000eb300000)
 ParOldGen       total 157184K, used 157153K [0x00000000c0000000, 0x00000000c9980000, 0x00000000eab00000)
  object space 157184K, 99% used [0x00000000c0000000,0x00000000c99784a0,0x00000000c9980000)
 Metaspace       used 71114K, committed 72256K, reserved 1114112K
  class space    used 7602K, committed 8064K, reserved 1048576K
}
Event: 35.478 GC heap before
{Heap before GC invocations=563 (full 333):
 PSYoungGen      total 6656K, used 5120K [0x00000000eab00000, 0x00000000eb380000, 0x0000000100000000)
  eden space 5120K, 100% used [0x00000000eab00000,0x00000000eb000000,0x00000000eb000000)
  from space 1536K, 0% used [0x00000000eb000000,0x00000000eb000000,0x00000000eb180000)
  to   space 1536K, 0% used [0x00000000eb180000,0x00000000eb180000,0x00000000eb300000)
 ParOldGen       total 157184K, used 157155K [0x00000000c0000000, 0x00000000c9980000, 0x00000000eab00000)
  object space 157184K, 99% used [0x00000000c0000000,0x00000000c9978d08,0x00000000c9980000)
 Metaspace       used 71114K, committed 72256K, reserved 1114112K
  class space    used 7602K, committed 8064K, reserved 1048576K
}
Event: 35.526 GC heap after
{Heap after GC invocations=563 (full 333):
 PSYoungGen      total 6656K, used 5119K [0x00000000eab00000, 0x00000000eb380000, 0x0000000100000000)
  eden space 5120K, 99% used [0x00000000eab00000,0x00000000eaffffb0,0x00000000eb000000)
  from space 1536K, 0% used [0x00000000eb180000,0x00000000eb180000,0x00000000eb300000)
  to   space 1536K, 0% used [0x00000000eb000000,0x00000000eb000000,0x00000000eb180000)
 ParOldGen       total 157184K, used 157152K [0x00000000c0000000, 0x00000000c9980000, 0x00000000eab00000)
  object space 157184K, 99% used [0x00000000c0000000,0x00000000c9978280,0x00000000c9980000)
 Metaspace       used 71114K, committed 72256K, reserved 1114112K
  class space    used 7602K, committed 8064K, reserved 1048576K
}
Event: 35.526 GC heap before
{Heap before GC invocations=564 (full 334):
 PSYoungGen      total 6656K, used 5119K [0x00000000eab00000, 0x00000000eb380000, 0x0000000100000000)
  eden space 5120K, 99% used [0x00000000eab00000,0x00000000eafffff8,0x00000000eb000000)
  from space 1536K, 0% used [0x00000000eb180000,0x00000000eb180000,0x00000000eb300000)
  to   space 1536K, 0% used [0x00000000eb000000,0x00000000eb000000,0x00000000eb180000)
 ParOldGen       total 157184K, used 157152K [0x00000000c0000000, 0x00000000c9980000, 0x00000000eab00000)
  object space 157184K, 99% used [0x00000000c0000000,0x00000000c9978280,0x00000000c9980000)
 Metaspace       used 71115K, committed 72256K, reserved 1114112K
  class space    used 7602K, committed 8064K, reserved 1048576K
}
Event: 35.573 GC heap after
{Heap after GC invocations=564 (full 334):
 PSYoungGen      total 6656K, used 5119K [0x00000000eab00000, 0x00000000eb380000, 0x0000000100000000)
  eden space 5120K, 99% used [0x00000000eab00000,0x00000000eafffff8,0x00000000eb000000)
  from space 1536K, 0% used [0x00000000eb000000,0x00000000eb000000,0x00000000eb180000)
  to   space 1536K, 0% used [0x00000000eb180000,0x00000000eb180000,0x00000000eb300000)
 ParOldGen       total 157184K, used 157152K [0x00000000c0000000, 0x00000000c9980000, 0x00000000eab00000)
  object space 157184K, 99% used [0x00000000c0000000,0x00000000c9978280,0x00000000c9980000)
 Metaspace       used 71115K, committed 72256K, reserved 1114112K
  class space    used 7602K, committed 8064K, reserved 1048576K
}
Event: 35.573 GC heap before
{Heap before GC invocations=565 (full 335):
 PSYoungGen      total 6656K, used 5119K [0x00000000eab00000, 0x00000000eb380000, 0x0000000100000000)
  eden space 5120K, 99% used [0x00000000eab00000,0x00000000eafffff8,0x00000000eb000000)
  from space 1536K, 0% used [0x00000000eb000000,0x00000000eb000000,0x00000000eb180000)
  to   space 1536K, 0% used [0x00000000eb180000,0x00000000eb180000,0x00000000eb300000)
 ParOldGen       total 157184K, used 157155K [0x00000000c0000000, 0x00000000c9980000, 0x00000000eab00000)
  object space 157184K, 99% used [0x00000000c0000000,0x00000000c9978f20,0x00000000c9980000)
 Metaspace       used 71115K, committed 72256K, reserved 1114112K
  class space    used 7602K, committed 8064K, reserved 1048576K
}
Event: 35.621 GC heap after
{Heap after GC invocations=565 (full 335):
 PSYoungGen      total 6656K, used 5119K [0x00000000eab00000, 0x00000000eb380000, 0x0000000100000000)
  eden space 5120K, 99% used [0x00000000eab00000,0x00000000eaffffa8,0x00000000eb000000)
  from space 1536K, 0% used [0x00000000eb180000,0x00000000eb180000,0x00000000eb300000)
  to   space 1536K, 0% used [0x00000000eb000000,0x00000000eb000000,0x00000000eb180000)
 ParOldGen       total 157184K, used 157153K [0x00000000c0000000, 0x00000000c9980000, 0x00000000eab00000)
  object space 157184K, 99% used [0x00000000c0000000,0x00000000c9978730,0x00000000c9980000)
 Metaspace       used 71115K, committed 72256K, reserved 1114112K
  class space    used 7602K, committed 8064K, reserved 1048576K
}
Event: 35.621 GC heap before
{Heap before GC invocations=566 (full 336):
 PSYoungGen      total 6656K, used 5119K [0x00000000eab00000, 0x00000000eb380000, 0x0000000100000000)
  eden space 5120K, 99% used [0x00000000eab00000,0x00000000eafffff8,0x00000000eb000000)
  from space 1536K, 0% used [0x00000000eb180000,0x00000000eb180000,0x00000000eb300000)
  to   space 1536K, 0% used [0x00000000eb000000,0x00000000eb000000,0x00000000eb180000)
 ParOldGen       total 157184K, used 157158K [0x00000000c0000000, 0x00000000c9980000, 0x00000000eab00000)
  object space 157184K, 99% used [0x00000000c0000000,0x00000000c9979a80,0x00000000c9980000)
 Metaspace       used 71116K, committed 72256K, reserved 1114112K
  class space    used 7602K, committed 8064K, reserved 1048576K
}
Event: 35.668 GC heap after
{Heap after GC invocations=566 (full 336):
 PSYoungGen      total 6656K, used 5119K [0x00000000eab00000, 0x00000000eb380000, 0x0000000100000000)
  eden space 5120K, 99% used [0x00000000eab00000,0x00000000eaffff08,0x00000000eb000000)
  from space 1536K, 0% used [0x00000000eb000000,0x00000000eb000000,0x00000000eb180000)
  to   space 1536K, 0% used [0x00000000eb180000,0x00000000eb180000,0x00000000eb300000)
 ParOldGen       total 157184K, used 157154K [0x00000000c0000000, 0x00000000c9980000, 0x00000000eab00000)
  object space 157184K, 99% used [0x00000000c0000000,0x00000000c9978b98,0x00000000c9980000)
 Metaspace       used 71116K, committed 72256K, reserved 1114112K
  class space    used 7602K, committed 8064K, reserved 1048576K
}
Event: 35.668 GC heap before
{Heap before GC invocations=567 (full 337):
 PSYoungGen      total 6656K, used 5119K [0x00000000eab00000, 0x00000000eb380000, 0x0000000100000000)
  eden space 5120K, 99% used [0x00000000eab00000,0x00000000eafffff0,0x00000000eb000000)
  from space 1536K, 0% used [0x00000000eb000000,0x00000000eb000000,0x00000000eb180000)
  to   space 1536K, 0% used [0x00000000eb180000,0x00000000eb180000,0x00000000eb300000)
 ParOldGen       total 157184K, used 157154K [0x00000000c0000000, 0x00000000c9980000, 0x00000000eab00000)
  object space 157184K, 99% used [0x00000000c0000000,0x00000000c9978b98,0x00000000c9980000)
 Metaspace       used 71116K, committed 72256K, reserved 1114112K
  class space    used 7602K, committed 8064K, reserved 1048576K
}
Event: 35.715 GC heap after
{Heap after GC invocations=567 (full 337):
 PSYoungGen      total 6656K, used 5119K [0x00000000eab00000, 0x00000000eb380000, 0x0000000100000000)
  eden space 5120K, 99% used [0x00000000eab00000,0x00000000eaffff68,0x00000000eb000000)
  from space 1536K, 0% used [0x00000000eb180000,0x00000000eb180000,0x00000000eb300000)
  to   space 1536K, 0% used [0x00000000eb000000,0x00000000eb000000,0x00000000eb180000)
 ParOldGen       total 157184K, used 157154K [0x00000000c0000000, 0x00000000c9980000, 0x00000000eab00000)
  object space 157184K, 99% used [0x00000000c0000000,0x00000000c9978ac8,0x00000000c9980000)
 Metaspace       used 71116K, committed 72256K, reserved 1114112K
  class space    used 7602K, committed 8064K, reserved 1048576K
}
Event: 35.715 GC heap before
{Heap before GC invocations=568 (full 338):
 PSYoungGen      total 6656K, used 5119K [0x00000000eab00000, 0x00000000eb380000, 0x0000000100000000)
  eden space 5120K, 99% used [0x00000000eab00000,0x00000000eaffffe8,0x00000000eb000000)
  from space 1536K, 0% used [0x00000000eb180000,0x00000000eb180000,0x00000000eb300000)
  to   space 1536K, 0% used [0x00000000eb000000,0x00000000eb000000,0x00000000eb180000)
 ParOldGen       total 157184K, used 157154K [0x00000000c0000000, 0x00000000c9980000, 0x00000000eab00000)
  object space 157184K, 99% used [0x00000000c0000000,0x00000000c9978ac8,0x00000000c9980000)
 Metaspace       used 71116K, committed 72256K, reserved 1114112K
  class space    used 7602K, committed 8064K, reserved 1048576K
}
Event: 35.764 GC heap after
{Heap after GC invocations=568 (full 338):
 PSYoungGen      total 6656K, used 5119K [0x00000000eab00000, 0x00000000eb380000, 0x0000000100000000)
  eden space 5120K, 99% used [0x00000000eab00000,0x00000000eaffff40,0x00000000eb000000)
  from space 1536K, 0% used [0x00000000eb000000,0x00000000eb000000,0x00000000eb180000)
  to   space 1536K, 0% used [0x00000000eb180000,0x00000000eb180000,0x00000000eb300000)
 ParOldGen       total 699392K, used 157154K [0x00000000c0000000, 0x00000000eab00000, 0x00000000eab00000)
  object space 699392K, 22% used [0x00000000c0000000,0x00000000c9978ac8,0x00000000eab00000)
 Metaspace       used 71116K, committed 72256K, reserved 1114112K
  class space    used 7602K, committed 8064K, reserved 1048576K
}
Event: 35.765 GC heap before
{Heap before GC invocations=569 (full 338):
 PSYoungGen      total 6656K, used 5119K [0x00000000eab00000, 0x00000000eb380000, 0x0000000100000000)
  eden space 5120K, 99% used [0x00000000eab00000,0x00000000eafffff0,0x00000000eb000000)
  from space 1536K, 0% used [0x00000000eb000000,0x00000000eb000000,0x00000000eb180000)
  to   space 1536K, 0% used [0x00000000eb180000,0x00000000eb180000,0x00000000eb300000)
 ParOldGen       total 699392K, used 157154K [0x00000000c0000000, 0x00000000eab00000, 0x00000000eab00000)
  object space 699392K, 22% used [0x00000000c0000000,0x00000000c9978ac8,0x00000000eab00000)
 Metaspace       used 71116K, committed 72256K, reserved 1114112K
  class space    used 7602K, committed 8064K, reserved 1048576K
}
Event: 35.774 GC heap after
{Heap after GC invocations=569 (full 338):
 PSYoungGen      total 6656K, used 1513K [0x00000000eab00000, 0x00000000eb380000, 0x0000000100000000)
  eden space 5120K, 0% used [0x00000000eab00000,0x00000000eab00000,0x00000000eb000000)
  from space 1536K, 98% used [0x00000000eb180000,0x00000000eb2fa450,0x00000000eb300000)
  to   space 1536K, 0% used [0x00000000eb000000,0x00000000eb000000,0x00000000eb180000)
 ParOldGen       total 699392K, used 160969K [0x00000000c0000000, 0x00000000eab00000, 0x00000000eab00000)
  object space 699392K, 23% used [0x00000000c0000000,0x00000000c9d32480,0x00000000eab00000)
 Metaspace       used 71116K, committed 72256K, reserved 1114112K
  class space    used 7602K, committed 8064K, reserved 1048576K
}
Event: 35.783 GC heap before
{Heap before GC invocations=570 (full 338):
 PSYoungGen      total 6656K, used 6633K [0x00000000eab00000, 0x00000000eb380000, 0x0000000100000000)
  eden space 5120K, 99% used [0x00000000eab00000,0x00000000eafffff0,0x00000000eb000000)
  from space 1536K, 98% used [0x00000000eb180000,0x00000000eb2fa450,0x00000000eb300000)
  to   space 1536K, 0% used [0x00000000eb000000,0x00000000eb000000,0x00000000eb180000)
 ParOldGen       total 699392K, used 160969K [0x00000000c0000000, 0x00000000eab00000, 0x00000000eab00000)
  object space 699392K, 23% used [0x00000000c0000000,0x00000000c9d32480,0x00000000eab00000)
 Metaspace       used 71200K, committed 72320K, reserved 1114112K
  class space    used 7610K, committed 8064K, reserved 1048576K
}
Event: 35.785 GC heap after
{Heap after GC invocations=570 (full 338):
 PSYoungGen      total 6656K, used 1184K [0x00000000eab00000, 0x00000000eb680000, 0x0000000100000000)
  eden space 5120K, 0% used [0x00000000eab00000,0x00000000eab00000,0x00000000eb000000)
  from space 1536K, 77% used [0x00000000eb000000,0x00000000eb128200,0x00000000eb180000)
  to   space 3072K, 0% used [0x00000000eb380000,0x00000000eb380000,0x00000000eb680000)
 ParOldGen       total 699392K, used 162484K [0x00000000c0000000, 0x00000000eab00000, 0x00000000eab00000)
  object space 699392K, 23% used [0x00000000c0000000,0x00000000c9ead118,0x00000000eab00000)
 Metaspace       used 71200K, committed 72320K, reserved 1114112K
  class space    used 7610K, committed 8064K, reserved 1048576K
}

